This is pdfTeX, Version 3.141592653-2.6-1.40.24 (MiKTeX 22.10 Portable) (preloaded format=pdflatex 2022.12.19)  21 JAN 2023 16:24
entering extended mode
 restricted \write18 enabled.
 file:line:error style messages enabled.
 %&-line parsing enabled.
**./CMH/Files/Procedimiento.tex
(CMH/Files/Procedimiento.tex
LaTeX2e <2022-06-01> patch level 5
L3 programming layer <2022-09-28>
(H:\Kevin\Escritorio\Calculo\Calculo\miktex-portable\texmfs\install\tex/latex/b
ase\article.cls
Document Class: article 2021/10/04 v1.4n Standard LaTeX document class

(H:\Kevin\Escritorio\Calculo\Calculo\miktex-portable\texmfs\install\tex/latex/b
ase\size10.clo
File: size10.clo 2021/10/04 v1.4n Standard LaTeX file (size option)
)
\c@part=\count185
\c@section=\count186
\c@subsection=\count187
\c@subsubsection=\count188
\c@paragraph=\count189
\c@subparagraph=\count190
\c@figure=\count191
\c@table=\count192
\abovecaptionskip=\skip47
\belowcaptionskip=\skip48
\bibindent=\dimen138
)
(H:\Kevin\Escritorio\Calculo\Calculo\miktex-portable\texmfs\install\tex/latex/a
msmath\amsmath.sty
Package: amsmath 2022/04/08 v2.17n AMS math features
\@mathmargin=\skip49
For additional information on amsmath, use the `?' option.

(H:\Kevin\Escritorio\Calculo\Calculo\miktex-portable\texmfs\install\tex/latex/a
msmath\amstext.sty
Package: amstext 2021/08/26 v2.01 AMS text

(H:\Kevin\Escritorio\Calculo\Calculo\miktex-portable\texmfs\install\tex/latex/a
msmath\amsgen.sty
File: amsgen.sty 1999/11/30 v2.0 generic functions
\@emptytoks=\toks16
\ex@=\dimen139
))
(H:\Kevin\Escritorio\Calculo\Calculo\miktex-portable\texmfs\install\tex/latex/a
msmath\amsbsy.sty
Package: amsbsy 1999/11/29 v1.2d Bold Symbols
\pmbraise@=\dimen140
)
(H:\Kevin\Escritorio\Calculo\Calculo\miktex-portable\texmfs\install\tex/latex/a
msmath\amsopn.sty
Package: amsopn 2022/04/08 v2.04 operator names
)
\inf@bad=\count193
LaTeX Info: Redefining \frac on input line 234.
\uproot@=\count194
\leftroot@=\count195
LaTeX Info: Redefining \overline on input line 399.
LaTeX Info: Redefining \colon on input line 410.
\classnum@=\count196
\DOTSCASE@=\count197
LaTeX Info: Redefining \ldots on input line 496.
LaTeX Info: Redefining \dots on input line 499.
LaTeX Info: Redefining \cdots on input line 620.
\Mathstrutbox@=\box51
\strutbox@=\box52
LaTeX Info: Redefining \big on input line 722.
LaTeX Info: Redefining \Big on input line 723.
LaTeX Info: Redefining \bigg on input line 724.
LaTeX Info: Redefining \Bigg on input line 725.
\big@size=\dimen141
LaTeX Font Info:    Redeclaring font encoding OML on input line 743.
LaTeX Font Info:    Redeclaring font encoding OMS on input line 744.
\macc@depth=\count198
LaTeX Info: Redefining \bmod on input line 905.
LaTeX Info: Redefining \pmod on input line 910.
LaTeX Info: Redefining \smash on input line 940.
LaTeX Info: Redefining \relbar on input line 970.
LaTeX Info: Redefining \Relbar on input line 971.
\c@MaxMatrixCols=\count199
\dotsspace@=\muskip16
\c@parentequation=\count266
\dspbrk@lvl=\count267
\tag@help=\toks17
\row@=\count268
\column@=\count269
\maxfields@=\count270
\andhelp@=\toks18
\eqnshift@=\dimen142
\alignsep@=\dimen143
\tagshift@=\dimen144
\tagwidth@=\dimen145
\totwidth@=\dimen146
\lineht@=\dimen147
\@envbody=\toks19
\multlinegap=\skip50
\multlinetaggap=\skip51
\mathdisplay@stack=\toks20
LaTeX Info: Redefining \[ on input line 2953.
LaTeX Info: Redefining \] on input line 2954.
)
(H:\Kevin\Escritorio\Calculo\Calculo\miktex-portable\texmfs\install\tex/latex/a
msfonts\amssymb.sty
Package: amssymb 2013/01/14 v3.01 AMS font symbols

(H:\Kevin\Escritorio\Calculo\Calculo\miktex-portable\texmfs\install\tex/latex/a
msfonts\amsfonts.sty
Package: amsfonts 2013/01/14 v3.01 Basic AMSFonts support
\symAMSa=\mathgroup4
\symAMSb=\mathgroup5
LaTeX Font Info:    Redeclaring math symbol \hbar on input line 98.
LaTeX Font Info:    Overwriting math alphabet `\mathfrak' in version `bold'
(Font)                  U/euf/m/n --> U/euf/b/n on input line 106.
))
(H:\Kevin\Escritorio\Calculo\Calculo\miktex-portable\texmfs\install\tex/latex/b
ase\inputenc.sty
Package: inputenc 2021/02/14 v1.3d Input encoding file
\inpenc@prehook=\toks21
\inpenc@posthook=\toks22
)
(H:\Kevin\Escritorio\Calculo\Calculo\miktex-portable\texmfs\install\tex/generic
/babel\babel.sty
Package: babel 2022/10/04 3.81 The Babel package
\babel@savecnt=\count271
\U@D=\dimen148
\l@unhyphenated=\language79

(H:\Kevin\Escritorio\Calculo\Calculo\miktex-portable\texmfs\install\tex/generic
/babel\txtbabel.def)
\bbl@readstream=\read2
\bbl@dirlevel=\count272
*************************************
* Local config file bblopts.cfg used
*

(H:\Kevin\Escritorio\Calculo\Calculo\miktex-portable\texmfs\install\tex/latex/a
rabi\bblopts.cfg
File: bblopts.cfg 2005/09/08 v0.1 add Arabic and Farsi to "declared" options of
 babel
)
(H:\Kevin\Escritorio\Calculo\Calculo\miktex-portable\texmfs\install\tex/latex/b
abel-spanish\spanish.ldf
Language: spanish.ldf 2021/05/27 v5.0q Spanish support from the babel system
\es@quottoks=\toks23
\es@quotdepth=\count273
Package babel Info: Making " an active character on input line 570.
Package babel Info: Making . an active character on input line 675.
Package babel Info: Making < an active character on input line 722.
Package babel Info: Making > an active character on input line 722.
))
(H:\Kevin\Escritorio\Calculo\Calculo\miktex-portable\texmfs\install\tex/generic
/babel/locale/es\babel-spanish.tex
Package babel Info: Importing font and identification data for spanish
(babel)             from babel-es.ini. Reported on input line 11.
)
(H:\Kevin\Escritorio\Calculo\Calculo\miktex-portable\texmfs\install\tex/latex/l
3backend\l3backend-pdftex.def
File: l3backend-pdftex.def 2022-09-28 L3 backend support: PDF output (pdfTeX)
\l__color_backend_stack_int=\count274
\l__pdf_internal_box=\box53
) (H:\Kevin\Escritorio\Calculo\Calculo\CMH\Files\Build\Procedimiento.aux
LaTeX Info: Redefining \. on input line 8.
LaTeX Info: Redefining \% on input line 8.
)
\openout1 = `Procedimiento.aux'.

LaTeX Font Info:    Checking defaults for OML/cmm/m/it on input line 8.
LaTeX Font Info:    ... okay on input line 8.
LaTeX Font Info:    Checking defaults for OMS/cmsy/m/n on input line 8.
LaTeX Font Info:    ... okay on input line 8.
LaTeX Font Info:    Checking defaults for OT1/cmr/m/n on input line 8.
LaTeX Font Info:    ... okay on input line 8.
LaTeX Font Info:    Checking defaults for T1/cmr/m/n on input line 8.
LaTeX Font Info:    ... okay on input line 8.
LaTeX Font Info:    Checking defaults for TS1/cmr/m/n on input line 8.
LaTeX Font Info:    ... okay on input line 8.
LaTeX Font Info:    Checking defaults for OMX/cmex/m/n on input line 8.
LaTeX Font Info:    ... okay on input line 8.
LaTeX Font Info:    Checking defaults for U/cmr/m/n on input line 8.
LaTeX Font Info:    ... okay on input line 8.
LaTeX Info: Redefining \. on input line 8.
LaTeX Info: Redefining \% on input line 8.
LaTeX Font Info:    Trying to load font information for U+msa on input line 8.

(H:\Kevin\Escritorio\Calculo\Calculo\miktex-portable\texmfs\install\tex/latex/a
msfonts\umsa.fd
File: umsa.fd 2013/01/14 v3.01 AMS symbols A
)
LaTeX Font Info:    Trying to load font information for U+msb on input line 8.

(H:\Kevin\Escritorio\Calculo\Calculo\miktex-portable\texmfs\install\tex/latex/a
msfonts\umsb.fd
File: umsb.fd 2013/01/14 v3.01 AMS symbols B
)
Underfull \hbox (badness 10000) in paragraph at lines 8--9

 []


Underfull \hbox (badness 10000) in paragraph at lines 10--12

 []


Underfull \hbox (badness 10000) in paragraph at lines 13--15

 []


Underfull \hbox (badness 10000) in paragraph at lines 16--18

 []


Underfull \hbox (badness 10000) in paragraph at lines 19--21

 []


Underfull \hbox (badness 10000) in paragraph at lines 32--33

 []


Underfull \hbox (badness 10000) in paragraph at lines 34--36

 []


Underfull \hbox (badness 10000) in paragraph at lines 37--38

 []


Underfull \hbox (badness 10000) in paragraph at lines 49--50

 []


Underfull \hbox (badness 10000) in paragraph at lines 61--62

 []


Underfull \hbox (badness 10000) in paragraph at lines 70--71

 []


Underfull \hbox (badness 10000) in paragraph at lines 74--75

 []


Underfull \hbox (badness 10000) in paragraph at lines 78--79

 []


Underfull \hbox (badness 10000) in paragraph at lines 80--81

 []

[1

{H:/Kevin/Escritorio/Calculo/Calculo/miktex-portable/texmfs/data/fonts/map/pdft
ex/pdftex.map}] [2] (H:\Kevin\Escritorio\Calculo\Calculo\CMH\Files\Build\Proced
imiento.aux
LaTeX Info: Redefining \. on input line 8.
LaTeX Info: Redefining \% on input line 8.
) ) 
Here is how much of TeX's memory you used:
 3111 strings out of 475385
 50004 string characters out of 2770280
 405662 words of memory out of 3000000
 24506 multiletter control sequences out of 15000+600000
 472608 words of font info for 41 fonts, out of 8000000 for 9000
 1141 hyphenation exceptions out of 8191
 54i,7n,62p,241b,363s stack positions out of 10000i,1000n,20000p,200000b,80000s
<H:/Kevin/Escritorio/Calculo/Calculo/miktex-portable/texmfs/install/fonts/ty
pe1/public/amsfonts/cm/cmbx10.pfb><H:/Kevin/Escritorio/Calculo/Calculo/miktex-p
ortable/texmfs/install/fonts/type1/public/amsfonts/cm/cmex10.pfb><H:/Kevin/Escr
itorio/Calculo/Calculo/miktex-portable/texmfs/install/fonts/type1/public/amsfon
ts/cm/cmmi10.pfb><H:/Kevin/Escritorio/Calculo/Calculo/miktex-portable/texmfs/in
stall/fonts/type1/public/amsfonts/cm/cmr10.pfb><H:/Kevin/Escritorio/Calculo/Cal
culo/miktex-portable/texmfs/install/fonts/type1/public/amsfonts/cm/cmr12.pfb><H
:/Kevin/Escritorio/Calculo/Calculo/miktex-portable/texmfs/install/fonts/type1/p
ublic/amsfonts/cm/cmr7.pfb><H:/Kevin/Escritorio/Calculo/Calculo/miktex-portable
/texmfs/install/fonts/type1/public/amsfonts/cm/cmsy10.pfb><H:/Kevin/Escritorio/
Calculo/Calculo/miktex-portable/texmfs/install/fonts/type1/public/amsfonts/cm/c
mti10.pfb><H:/Kevin/Escritorio/Calculo/Calculo/miktex-portable/texmfs/install/f
onts/type1/public/amsfonts/symbols/msam10.pfb>
Output written on H:\Kevin\Escritorio\Calculo\Calculo\CMH\Files\Build\Procedimi
ento.pdf (2 pages, 101114 bytes).
PDF statistics:
 54 PDF objects out of 1000 (max. 8388607)
 0 named destinations out of 1000 (max. 500000)
 1 words of extra memory for PDF output out of 10000 (max. 10000000)

